<?xml version="1.0" encoding="UTF-8"?>
<!-- Generated by org.testng.reporters.JUnitReportReporter -->
<testsuite hostname="DESKTOP-VHBPG3D" failures="0" tests="1" name="Contact.CreateContact2Test" time="0.006" errors="0" timestamp="2024-10-19T11:22:09 IST" skipped="0">
  <testcase classname="Contact.CreateContact2Test" name="createContact2" time="0.006"/>
  <system-out>
    <![CDATA[Created Contact Test 2]]>
  </system-out>
</testsuite> <!-- Contact.CreateContact2Test -->
