<?xml version="1.0" encoding="UTF-8"?>
<!-- Generated by org.testng.reporters.JUnitReportReporter -->
<testsuite hostname="DESKTOP-VHBPG3D" failures="0" tests="1" name="Campaign.CreateCampaignTest" time="0.047" errors="0" timestamp="2024-10-19T11:22:08 IST" skipped="0">
  <testcase classname="Campaign.CreateCampaignTest" name="createCampaign" time="0.047"/>
  <system-out>
    <![CDATA[Created Campaign]]>
  </system-out>
</testsuite> <!-- Campaign.CreateCampaignTest -->
