<?xml version="1.0" encoding="UTF-8"?>
<!-- Generated by org.testng.reporters.JUnitReportReporter -->
<testsuite hostname="DESKTOP-VHBPG3D" failures="0" tests="1" name="Organization.CreateOrganizationTest" time="0.008" errors="0" timestamp="2024-10-19T11:22:09 IST" skipped="0">
  <testcase classname="Organization.CreateOrganizationTest" name="createOrganization" time="0.008"/>
  <system-out>
    <![CDATA[Created Organization Successfully
Browser is: null
URL is: null
Username is: null
Password is: null]]>
  </system-out>
</testsuite> <!-- Organization.CreateOrganizationTest -->
