<?xml version="1.0" encoding="UTF-8"?>
<!-- Generated by org.testng.reporters.JUnitReportReporter -->
<testsuite hostname="DESKTOP-VHBPG3D" failures="0" tests="1" name="Contact.CreateContactTest" time="0.010" errors="0" timestamp="2024-10-19T11:22:09 IST" skipped="0">
  <testcase classname="Contact.CreateContactTest" name="createContact" time="0.010"/>
  <system-out>
    <![CDATA[Created Contact]]>
  </system-out>
</testsuite> <!-- Contact.CreateContactTest -->
